Traceback (most recent call last):
  File "/home/luke/miniconda3/envs/wlasl/lib/python3.10/site-packages/wandb/sdk/wandb_config.py", line 165, in __getattr__
    return self.__getitem__(key)
  File "/home/luke/miniconda3/envs/wlasl/lib/python3.10/site-packages/wandb/sdk/wandb_config.py", line 130, in __getitem__
    return self._items[key]
KeyError: 'num_frames'

The above exception was the direct cause of the following exception:

Traceback (most recent call last):
  File "/home/luke/ExtraStorage/WLASL/lukes-code/train_mvit.py", line 316, in <module>
    main()
  File "/home/luke/ExtraStorage/WLASL/lukes-code/train_mvit.py", line 311, in main
    train(run, recover=args.recover)
  File "/home/luke/ExtraStorage/WLASL/lukes-code/train_mvit.py", line 48, in train
    transforms=train_transforms, num_frames=config.num_frames)
  File "/home/luke/miniconda3/envs/wlasl/lib/python3.10/site-packages/wandb/sdk/wandb_config.py", line 167, in __getattr__
    raise AttributeError(
AttributeError: <class 'wandb.sdk.wandb_config.Config'> object has no attribute 'num_frames'
Traceback (most recent call last):
  File "/home/luke/miniconda3/envs/wlasl/lib/python3.10/site-packages/wandb/sdk/wandb_config.py", line 165, in __getattr__
    return self.__getitem__(key)
  File "/home/luke/miniconda3/envs/wlasl/lib/python3.10/site-packages/wandb/sdk/wandb_config.py", line 130, in __getitem__
    return self._items[key]
KeyError: 'num_frames'

The above exception was the direct cause of the following exception:

Traceback (most recent call last):
  File "/home/luke/ExtraStorage/WLASL/lukes-code/train_mvit.py", line 316, in <module>
    main()
  File "/home/luke/ExtraStorage/WLASL/lukes-code/train_mvit.py", line 311, in main
    train(run, recover=args.recover)
  File "/home/luke/ExtraStorage/WLASL/lukes-code/train_mvit.py", line 48, in train
    transforms=train_transforms, num_frames=config.num_frames)
  File "/home/luke/miniconda3/envs/wlasl/lib/python3.10/site-packages/wandb/sdk/wandb_config.py", line 167, in __getattr__
    raise AttributeError(
AttributeError: <class 'wandb.sdk.wandb_config.Config'> object has no attribute 'num_frames'
